{"name": "test_vwo_login_positive", "status": "broken", "statusDetails": {"message": "selenium.common.exceptions.NoSuchElementException: Message: no such element: Unable to locate element: {\"method\":\"xpath\",\"selector\":\"//div/h2[text()='Make Appointment']\"}\n  (Session info: chrome=124.0.6367.208); For documentation on this error, please visit: https://www.selenium.dev/documentation/webdriver/troubleshooting/errors#no-such-element-exception\nStacktrace:\n\tGetHandleVerifier [0x00007FF6E3691522+60802]\n\t(No symbol) [0x00007FF6E360AC22]\n\t(No symbol) [0x00007FF6E34C7CE4]\n\t(No symbol) [0x00007FF6E3516D4D]\n\t(No symbol) [0x00007FF6E3516E1C]\n\t(No symbol) [0x00007FF6E355CE37]\n\t(No symbol) [0x00007FF6E353ABBF]\n\t(No symbol) [0x00007FF6E355A224]\n\t(No symbol) [0x00007FF6E353A923]\n\t(No symbol) [0x00007FF6E3508FEC]\n\t(No symbol) [0x00007FF6E3509C21]\n\tGetHandleVerifier [0x00007FF6E39941BD+3217949]\n\tGetHandleVerifier [0x00007FF6E39D6157+3488183]\n\tGetHandleVerifier [0x00007FF6E39CF0DF+3459391]\n\tGetHandleVerifier [0x00007FF6E374B8E6+823622]\n\t(No symbol) [0x00007FF6E3615FBF]\n\t(No symbol) [0x00007FF6E3610EE4]\n\t(No symbol) [0x00007FF6E3611072]\n\t(No symbol) [0x00007FF6E36018C4]\n\tBaseThreadInitThunk [0x00007FFEE1A8257D+29]\n\tRtlUserThreadStart [0x00007FFEE31CAA48+40]", "trace": "self = <tests.vwo_login_tests.test_vwo_login_pom.TestLogin object at 0x000001C5F9D3CE60>\nsetup = <selenium.webdriver.chrome.webdriver.WebDriver (session=\"d8dac45c60e84590d4e23660f5fb247a\")>\n\n    @allure.epic(\"VWO Login Test\")\n    @allure.feature(\"TC#1 - VWO App Positive Test\")\n    @pytest.mark.positive\n    @pytest.mark.usefixtures(\"setup\")\n    def test_vwo_login_positive(self, setup):\n        driver = setup\n        driver.get(self.base_url)\n        login_page = LoginPage(driver)\n        login_page.login_to_vwo(email=self.email, password=self.password)\n        time.sleep(10)\n        dashboard_page = DashboardPage(driver)\n        assert \"Dashboard\" in driver.title\n>       assert \"Aman\" in dashboard_page.user_logged_in_text()\n\ntest_vwo_login_pom.py:39: \n_ _ _ _ _ _ _ _ _ _ _ _ _ _ _ _ _ _ _ _ _ _ _ _ _ _ _ _ _ _ _ _ _ _ _ _ _ _ _ _\n..\\page_objects\\dashboard_page.py:25: in user_logged_in_text\n    return self.get_user_logged_in().text\n..\\page_objects\\dashboard_page.py:20: in get_user_logged_in\n    return self.driver.find_element(*DashboardPage.user_logged_in)\n..\\..\\venv\\Lib\\site-packages\\selenium\\webdriver\\remote\\webdriver.py:741: in find_element\n    return self.execute(Command.FIND_ELEMENT, {\"using\": by, \"value\": value})[\"value\"]\n..\\..\\venv\\Lib\\site-packages\\selenium\\webdriver\\remote\\webdriver.py:347: in execute\n    self.error_handler.check_response(response)\n_ _ _ _ _ _ _ _ _ _ _ _ _ _ _ _ _ _ _ _ _ _ _ _ _ _ _ _ _ _ _ _ _ _ _ _ _ _ _ _\n\nself = <selenium.webdriver.remote.errorhandler.ErrorHandler object at 0x000001C5F9CD2060>\nresponse = {'status': 404, 'value': '{\"value\":{\"error\":\"no such element\",\"message\":\"no such element: Unable to locate element: {\\...07FF6E36018C4]\\\\n\\\\tBaseThreadInitThunk [0x00007FFEE1A8257D+29]\\\\n\\\\tRtlUserThreadStart [0x00007FFEE31CAA48+40]\\\\n\"}}'}\n\n    def check_response(self, response: Dict[str, Any]) -> None:\n        \"\"\"Checks that a JSON response from the WebDriver does not have an\n        error.\n    \n        :Args:\n         - response - The JSON response from the WebDriver server as a dictionary\n           object.\n    \n        :Raises: If the response contains an error message.\n        \"\"\"\n        status = response.get(\"status\", None)\n        if not status or status == ErrorCode.SUCCESS:\n            return\n        value = None\n        message = response.get(\"message\", \"\")\n        screen: str = response.get(\"screen\", \"\")\n        stacktrace = None\n        if isinstance(status, int):\n            value_json = response.get(\"value\", None)\n            if value_json and isinstance(value_json, str):\n                import json\n    \n                try:\n                    value = json.loads(value_json)\n                    if len(value) == 1:\n                        value = value[\"value\"]\n                    status = value.get(\"error\", None)\n                    if not status:\n                        status = value.get(\"status\", ErrorCode.UNKNOWN_ERROR)\n                        message = value.get(\"value\") or value.get(\"message\")\n                        if not isinstance(message, str):\n                            value = message\n                            message = message.get(\"message\")\n                    else:\n                        message = value.get(\"message\", None)\n                except ValueError:\n                    pass\n    \n        exception_class: Type[WebDriverException]\n        e = ErrorCode()\n        error_codes = [item for item in dir(e) if not item.startswith(\"__\")]\n        for error_code in error_codes:\n            error_info = getattr(ErrorCode, error_code)\n            if isinstance(error_info, list) and status in error_info:\n                exception_class = getattr(ExceptionMapping, error_code, WebDriverException)\n                break\n        else:\n            exception_class = WebDriverException\n    \n        if not value:\n            value = response[\"value\"]\n        if isinstance(value, str):\n            raise exception_class(value)\n        if message == \"\" and \"message\" in value:\n            message = value[\"message\"]\n    \n        screen = None  # type: ignore[assignment]\n        if \"screen\" in value:\n            screen = value[\"screen\"]\n    \n        stacktrace = None\n        st_value = value.get(\"stackTrace\") or value.get(\"stacktrace\")\n        if st_value:\n            if isinstance(st_value, str):\n                stacktrace = st_value.split(\"\\n\")\n            else:\n                stacktrace = []\n                try:\n                    for frame in st_value:\n                        line = frame.get(\"lineNumber\", \"\")\n                        file = frame.get(\"fileName\", \"<anonymous>\")\n                        if line:\n                            file = f\"{file}:{line}\"\n                        meth = frame.get(\"methodName\", \"<anonymous>\")\n                        if \"className\" in frame:\n                            meth = f\"{frame['className']}.{meth}\"\n                        msg = \"    at %s (%s)\"\n                        msg = msg % (meth, file)\n                        stacktrace.append(msg)\n                except TypeError:\n                    pass\n        if exception_class == UnexpectedAlertPresentException:\n            alert_text = None\n            if \"data\" in value:\n                alert_text = value[\"data\"].get(\"text\")\n            elif \"alert\" in value:\n                alert_text = value[\"alert\"].get(\"text\")\n            raise exception_class(message, screen, stacktrace, alert_text)  # type: ignore[call-arg]  # mypy is not smart enough here\n>       raise exception_class(message, screen, stacktrace)\nE       selenium.common.exceptions.NoSuchElementException: Message: no such element: Unable to locate element: {\"method\":\"xpath\",\"selector\":\"//div/h2[text()='Make Appointment']\"}\nE         (Session info: chrome=124.0.6367.208); For documentation on this error, please visit: https://www.selenium.dev/documentation/webdriver/troubleshooting/errors#no-such-element-exception\nE       Stacktrace:\nE       \tGetHandleVerifier [0x00007FF6E3691522+60802]\nE       \t(No symbol) [0x00007FF6E360AC22]\nE       \t(No symbol) [0x00007FF6E34C7CE4]\nE       \t(No symbol) [0x00007FF6E3516D4D]\nE       \t(No symbol) [0x00007FF6E3516E1C]\nE       \t(No symbol) [0x00007FF6E355CE37]\nE       \t(No symbol) [0x00007FF6E353ABBF]\nE       \t(No symbol) [0x00007FF6E355A224]\nE       \t(No symbol) [0x00007FF6E353A923]\nE       \t(No symbol) [0x00007FF6E3508FEC]\nE       \t(No symbol) [0x00007FF6E3509C21]\nE       \tGetHandleVerifier [0x00007FF6E39941BD+3217949]\nE       \tGetHandleVerifier [0x00007FF6E39D6157+3488183]\nE       \tGetHandleVerifier [0x00007FF6E39CF0DF+3459391]\nE       \tGetHandleVerifier [0x00007FF6E374B8E6+823622]\nE       \t(No symbol) [0x00007FF6E3615FBF]\nE       \t(No symbol) [0x00007FF6E3610EE4]\nE       \t(No symbol) [0x00007FF6E3611072]\nE       \t(No symbol) [0x00007FF6E36018C4]\nE       \tBaseThreadInitThunk [0x00007FFEE1A8257D+29]\nE       \tRtlUserThreadStart [0x00007FFEE31CAA48+40]\n\n..\\..\\venv\\Lib\\site-packages\\selenium\\webdriver\\remote\\errorhandler.py:229: NoSuchElementException"}, "start": 1716208080960, "stop": 1716208097826, "uuid": "8e87992e-84bd-4320-8ec9-245c3b7b442c", "historyId": "a1afd2d2df25f43dc2a12081a263ef07", "testCaseId": "a1afd2d2df25f43dc2a12081a263ef07", "fullName": "tests.vwo_login_tests.test_vwo_login_pom.TestLogin#test_vwo_login_positive", "labels": [{"name": "epic", "value": "VWO Login Test"}, {"name": "feature", "value": "TC#1 - VWO App Positive Test"}, {"name": "tag", "value": "@pytest.mark.usefixtures('setup')"}, {"name": "tag", "value": "positive"}, {"name": "parentSuite", "value": "tests.vwo_login_tests"}, {"name": "suite", "value": "test_vwo_login_pom"}, {"name": "subSuite", "value": "TestLogin"}, {"name": "host", "value": "Mani"}, {"name": "thread", "value": "6164-MainThread"}, {"name": "framework", "value": "pytest"}, {"name": "language", "value": "cpython3"}, {"name": "package", "value": "tests.vwo_login_tests.test_vwo_login_pom"}]}